<?xml version="1.0" encoding="UTF-8" ?>
<testsuites disabled="0" errors="0" failures="0" tests="8" time="3.306">
 <testsuite name="A suite" timestamp="2022-11-15T14:42:00" hostname="localhost" time="3.306" errors="0" tests="8" skipped="0" disabled="0" failures="0">
  <testcase classname="A suite" name="POST /register" time="0.903" />
  <testcase classname="A suite" name="POST /login" time="0.341" />
  <testcase classname="A suite" name="PUT /logout" time="0.128" />
  <testcase classname="A suite" name="PUT /headline" time="0.344" />
  <testcase classname="A suite" name="GET /headline" time="0.337" />
  <testcase classname="A suite" name="POST /article" time="0.556" />
  <testcase classname="A suite" name="GET /articles/id" time="0.343" />
  <testcase classname="A suite" name="GET /articles" time="0.352" />
 </testsuite>
</testsuites>