<?xml version="1.0" encoding="UTF-8" ?>
<testsuites disabled="0" errors="0" failures="0" tests="9" time="2.285">
 <testsuite name="A suite" timestamp="2022-11-12T16:36:55" hostname="localhost" time="2.285" errors="0" tests="9" skipped="0" disabled="0" failures="0">
  <testcase classname="A suite" name="POST /register" time="0.242" />
  <testcase classname="A suite" name="POST /login" time="0.227" />
  <testcase classname="A suite" name="PUT /logout" time="0.005" />
  <testcase classname="A suite" name="PUT /headline" time="0.234" />
  <testcase classname="A suite" name="GET /headline" time="0.226" />
  <testcase classname="A suite" name="POST /article" time="0.456" />
  <testcase classname="A suite" name="GET /articles/id" time="0.228" />
  <testcase classname="A suite" name="GET /articles" time="0.227" />
  <testcase classname="A suite" name="put article" time="0.439" />
 </testsuite>
</testsuites>